# JRE version: OpenJDK Runtime Environment Temurin-21.0.10+7 (21.0.10+7) (build 21.0.10+7-LTS)
# Java VM: OpenJDK 64-Bit Server VM Temurin-21.0.10+7 (21.0.10+7-LTS, mixed mode, sharing, tiered, compressed oops, compressed class ptrs, parallel gc, windows-amd64)
GC Precious Log:
 CardTable entry size: 512
 CPUs: 28 total, 28 available
 Memory: 16091M
 Large Page Support: Disabled
 NUMA Support: Disabled
 Compressed Oops: Enabled (32-bit)
 Alignments: Space 512K, Generation 512K, Heap 2M
 Heap Min Capacity: 100M
 Heap Initial Capacity: 100M
 Heap Max Capacity: 2G
 Pre-touch: Disabled
 Parallel Workers: 20
Heap:
 PSYoungGen      total 5632K, used 5238K [0x00000000d5580000, 0x00000000d5f00000, 0x0000000100000000)
  eden space 3072K, 100% used [0x00000000d5580000,0x00000000d5880000,0x00000000d5880000)
  from space 2560K, 84% used [0x00000000d5c80000,0x00000000d5e9d908,0x00000000d5f00000)
  to   space 3072K, 0% used [0x00000000d5900000,0x00000000d5900000,0x00000000d5c00000)
 ParOldGen       total 317440K, used 317352K [0x0000000080000000, 0x0000000093600000, 0x00000000d5580000)
  object space 317440K, 99% used [0x0000000080000000,0x00000000935ea3f8,0x0000000093600000)
 Metaspace       used 103692K, committed 105472K, reserved 1179648K
  class space    used 10592K, committed 11392K, reserved 1048576K
GC Heap History (20 events):
Event: 7295.461 GC heap before
{Heap before GC invocations=3502 (full 7):
 PSYoungGen      total 3584K, used 3328K [0x00000000d5580000, 0x00000000d5a80000, 0x0000000100000000)
  eden space 2048K, 100% used [0x00000000d5580000,0x00000000d5780000,0x00000000d5780000)
  from space 1536K, 83% used [0x00000000d5900000,0x00000000d5a40178,0x00000000d5a80000)
  to   space 1536K, 0% used [0x00000000d5780000,0x00000000d5780000,0x00000000d5900000)
 ParOldGen       total 309760K, used 309515K [0x0000000080000000, 0x0000000092e80000, 0x00000000d5580000)
  object space 309760K, 99% used [0x0000000080000000,0x0000000092e42ef8,0x0000000092e80000)
 Metaspace       used 103692K, committed 105472K, reserved 1179648K
  class space    used 10592K, committed 11392K, reserved 1048576K
}
Event: 7295.462 GC heap after
{Heap after GC invocations=3502 (full 7):
 PSYoungGen      total 3584K, used 608K [0x00000000d5580000, 0x00000000d5a00000, 0x0000000100000000)
  eden space 2048K, 0% used [0x00000000d5580000,0x00000000d5580000,0x00000000d5780000)
  from space 1536K, 39% used [0x00000000d5780000,0x00000000d5818000,0x00000000d5900000)
  to   space 1024K, 0% used [0x00000000d5900000,0x00000000d5900000,0x00000000d5a00000)
 ParOldGen       total 310784K, used 310456K [0x0000000080000000, 0x0000000092f80000, 0x00000000d5580000)
  object space 310784K, 99% used [0x0000000080000000,0x0000000092f2e0d8,0x0000000092f80000)
 Metaspace       used 103692K, committed 105472K, reserved 1179648K
  class space    used 10592K, committed 11392K, reserved 1048576K
}
Event: 7295.467 GC heap before
{Heap before GC invocations=3503 (full 7):
 PSYoungGen      total 3584K, used 2656K [0x00000000d5580000, 0x00000000d5a00000, 0x0000000100000000)
  eden space 2048K, 100% used [0x00000000d5580000,0x00000000d5780000,0x00000000d5780000)
  from space 1536K, 39% used [0x00000000d5780000,0x00000000d5818000,0x00000000d5900000)
  to   space 1024K, 0% used [0x00000000d5900000,0x00000000d5900000,0x00000000d5a00000)
 ParOldGen       total 310784K, used 310456K [0x0000000080000000, 0x0000000092f80000, 0x00000000d5580000)
  object space 310784K, 99% used [0x0000000080000000,0x0000000092f2e0d8,0x0000000092f80000)
 Metaspace       used 103692K, committed 105472K, reserved 1179648K
  class space    used 10592K, committed 11392K, reserved 1048576K
}
Event: 7295.467 GC heap after
{Heap after GC invocations=3503 (full 7):
 PSYoungGen      total 2560K, used 1008K [0x00000000d5580000, 0x00000000d5b80000, 0x0000000100000000)
  eden space 1536K, 0% used [0x00000000d5580000,0x00000000d5580000,0x00000000d5700000)
  from space 1024K, 98% used [0x00000000d5900000,0x00000000d59fc298,0x00000000d5a00000)
  to   space 2048K, 0% used [0x00000000d5700000,0x00000000d5700000,0x00000000d5900000)
 ParOldGen       total 311296K, used 311094K [0x0000000080000000, 0x0000000093000000, 0x00000000d5580000)
  object space 311296K, 99% used [0x0000000080000000,0x0000000092fcd950,0x0000000093000000)
 Metaspace       used 103692K, committed 105472K, reserved 1179648K
  class space    used 10592K, committed 11392K, reserved 1048576K
}
Event: 7295.471 GC heap before
{Heap before GC invocations=3504 (full 7):
 PSYoungGen      total 2560K, used 2544K [0x00000000d5580000, 0x00000000d5b80000, 0x0000000100000000)
  eden space 1536K, 100% used [0x00000000d5580000,0x00000000d5700000,0x00000000d5700000)
  from space 1024K, 98% used [0x00000000d5900000,0x00000000d59fc298,0x00000000d5a00000)
  to   space 2048K, 0% used [0x00000000d5700000,0x00000000d5700000,0x00000000d5900000)
 ParOldGen       total 311296K, used 311094K [0x0000000080000000, 0x0000000093000000, 0x00000000d5580000)
  object space 311296K, 99% used [0x0000000080000000,0x0000000092fcd950,0x0000000093000000)
 Metaspace       used 103692K, committed 105472K, reserved 1179648K
  class space    used 10592K, committed 11392K, reserved 1048576K
}
Event: 7295.472 GC heap after
{Heap after GC invocations=3504 (full 7):
 PSYoungGen      total 2048K, used 512K [0x00000000d5580000, 0x00000000d5980000, 0x0000000100000000)
  eden space 1536K, 0% used [0x00000000d5580000,0x00000000d5580000,0x00000000d5700000)
  from space 512K, 100% used [0x00000000d5700000,0x00000000d5780000,0x00000000d5780000)
  to   space 1024K, 0% used [0x00000000d5880000,0x00000000d5880000,0x00000000d5980000)
 ParOldGen       total 311808K, used 311531K [0x0000000080000000, 0x0000000093080000, 0x00000000d5580000)
  object space 311808K, 99% used [0x0000000080000000,0x000000009303af50,0x0000000093080000)
 Metaspace       used 103692K, committed 105472K, reserved 1179648K
  class space    used 10592K, committed 11392K, reserved 1048576K
}
Event: 7296.942 GC heap before
{Heap before GC invocations=3505 (full 7):
 PSYoungGen      total 2048K, used 2043K [0x00000000d5580000, 0x00000000d5980000, 0x0000000100000000)
  eden space 1536K, 99% used [0x00000000d5580000,0x00000000d56fee90,0x00000000d5700000)
  from space 512K, 100% used [0x00000000d5700000,0x00000000d5780000,0x00000000d5780000)
  to   space 1024K, 0% used [0x00000000d5880000,0x00000000d5880000,0x00000000d5980000)
 ParOldGen       total 311808K, used 311531K [0x0000000080000000, 0x0000000093080000, 0x00000000d5580000)
  object space 311808K, 99% used [0x0000000080000000,0x000000009303af50,0x0000000093080000)
 Metaspace       used 103692K, committed 105472K, reserved 1179648K
  class space    used 10592K, committed 11392K, reserved 1048576K
}
Event: 7296.945 GC heap after
{Heap after GC invocations=3505 (full 7):
 PSYoungGen      total 2048K, used 416K [0x00000000d5580000, 0x00000000d5900000, 0x0000000100000000)
  eden space 1536K, 0% used [0x00000000d5580000,0x00000000d5580000,0x00000000d5700000)
  from space 512K, 81% used [0x00000000d5880000,0x00000000d58e8000,0x00000000d5900000)
  to   space 1024K, 0% used [0x00000000d5700000,0x00000000d5700000,0x00000000d5800000)
 ParOldGen       total 311808K, used 311758K [0x0000000080000000, 0x0000000093080000, 0x00000000d5580000)
  object space 311808K, 99% used [0x0000000080000000,0x0000000093073b78,0x0000000093080000)
 Metaspace       used 103692K, committed 105472K, reserved 1179648K
  class space    used 10592K, committed 11392K, reserved 1048576K
}
Event: 7296.957 GC heap before
{Heap before GC invocations=3506 (full 7):
 PSYoungGen      total 2048K, used 1952K [0x00000000d5580000, 0x00000000d5900000, 0x0000000100000000)
  eden space 1536K, 100% used [0x00000000d5580000,0x00000000d5700000,0x00000000d5700000)
  from space 512K, 81% used [0x00000000d5880000,0x00000000d58e8000,0x00000000d5900000)
  to   space 1024K, 0% used [0x00000000d5700000,0x00000000d5700000,0x00000000d5800000)
 ParOldGen       total 311808K, used 311758K [0x0000000080000000, 0x0000000093080000, 0x00000000d5580000)
  object space 311808K, 99% used [0x0000000080000000,0x0000000093073b78,0x0000000093080000)
 Metaspace       used 103692K, committed 105472K, reserved 1179648K
  class space    used 10592K, committed 11392K, reserved 1048576K
}
Event: 7297.958 GC heap after
{Heap after GC invocations=3506 (full 7):
 PSYoungGen      total 2560K, used 308K [0x00000000d5580000, 0x00000000d5900000, 0x0000000100000000)
  eden space 1536K, 0% used [0x00000000d5580000,0x00000000d5580000,0x00000000d5700000)
  from space 1024K, 30% used [0x00000000d5700000,0x00000000d574d200,0x00000000d5800000)
  to   space 512K, 0% used [0x00000000d5880000,0x00000000d5880000,0x00000000d5900000)
 ParOldGen       total 312320K, used 311966K [0x0000000080000000, 0x0000000093100000, 0x00000000d5580000)
  object space 312320K, 99% used [0x0000000080000000,0x00000000930a7b78,0x0000000093100000)
 Metaspace       used 103692K, committed 105472K, reserved 1179648K
  class space    used 10592K, committed 11392K, reserved 1048576K
}
Event: 7297.963 GC heap before
{Heap before GC invocations=3507 (full 7):
 PSYoungGen      total 2560K, used 1700K [0x00000000d5580000, 0x00000000d5900000, 0x0000000100000000)
  eden space 1536K, 90% used [0x00000000d5580000,0x00000000d56dc070,0x00000000d5700000)
  from space 1024K, 30% used [0x00000000d5700000,0x00000000d574d200,0x00000000d5800000)
  to   space 512K, 0% used [0x00000000d5880000,0x00000000d5880000,0x00000000d5900000)
 ParOldGen       total 312320K, used 311966K [0x0000000080000000, 0x0000000093100000, 0x00000000d5580000)
  object space 312320K, 99% used [0x0000000080000000,0x00000000930a7b78,0x0000000093100000)
 Metaspace       used 103692K, committed 105472K, reserved 1179648K
  class space    used 10592K, committed 11392K, reserved 1048576K
}
Event: 7297.964 GC heap after
{Heap after GC invocations=3507 (full 7):
 PSYoungGen      total 2560K, used 510K [0x00000000d5580000, 0x00000000d5980000, 0x0000000100000000)
  eden space 2048K, 0% used [0x00000000d5580000,0x00000000d5580000,0x00000000d5780000)
  from space 512K, 99% used [0x00000000d5880000,0x00000000d58ff9f8,0x00000000d5900000)
  to   space 1024K, 0% used [0x00000000d5780000,0x00000000d5780000,0x00000000d5880000)
 ParOldGen       total 312320K, used 312105K [0x0000000080000000, 0x0000000093100000, 0x00000000d5580000)
  object space 312320K, 99% used [0x0000000080000000,0x00000000930ca690,0x0000000093100000)
 Metaspace       used 103692K, committed 105472K, reserved 1179648K
  class space    used 10592K, committed 11392K, reserved 1048576K
}
Event: 7297.983 GC heap before
{Heap before GC invocations=3508 (full 7):
 PSYoungGen      total 2560K, used 2398K [0x00000000d5580000, 0x00000000d5980000, 0x0000000100000000)
  eden space 2048K, 92% used [0x00000000d5580000,0x00000000d5757f20,0x00000000d5780000)
  from space 512K, 99% used [0x00000000d5880000,0x00000000d58ff9f8,0x00000000d5900000)
  to   space 1024K, 0% used [0x00000000d5780000,0x00000000d5780000,0x00000000d5880000)
 ParOldGen       total 312320K, used 312105K [0x0000000080000000, 0x0000000093100000, 0x00000000d5580000)
  object space 312320K, 99% used [0x0000000080000000,0x00000000930ca690,0x0000000093100000)
 Metaspace       used 103692K, committed 105472K, reserved 1179648K
  class space    used 10592K, committed 11392K, reserved 1048576K
}
Event: 7298.985 GC heap after
{Heap after GC invocations=3508 (full 7):
 PSYoungGen      total 3072K, used 995K [0x00000000d5580000, 0x00000000d5d00000, 0x0000000100000000)
  eden space 2048K, 0% used [0x00000000d5580000,0x00000000d5580000,0x00000000d5780000)
  from space 1024K, 97% used [0x00000000d5780000,0x00000000d5878eb0,0x00000000d5880000)
  to   space 2560K, 0% used [0x00000000d5a80000,0x00000000d5a80000,0x00000000d5d00000)
 ParOldGen       total 313344K, used 313087K [0x0000000080000000, 0x0000000093200000, 0x00000000d5580000)
  object space 313344K, 99% used [0x0000000080000000,0x00000000931bfd88,0x0000000093200000)
 Metaspace       used 103692K, committed 105472K, reserved 1179648K
  class space    used 10592K, committed 11392K, reserved 1048576K
}
Event: 7298.994 GC heap before
{Heap before GC invocations=3509 (full 7):
 PSYoungGen      total 3072K, used 2779K [0x00000000d5580000, 0x00000000d5d00000, 0x0000000100000000)
  eden space 2048K, 87% used [0x00000000d5580000,0x00000000d573e008,0x00000000d5780000)
  from space 1024K, 97% used [0x00000000d5780000,0x00000000d5878eb0,0x00000000d5880000)
  to   space 2560K, 0% used [0x00000000d5a80000,0x00000000d5a80000,0x00000000d5d00000)
 ParOldGen       total 313344K, used 313087K [0x0000000080000000, 0x0000000093200000, 0x00000000d5580000)
  object space 313344K, 99% used [0x0000000080000000,0x00000000931bfd88,0x0000000093200000)
 Metaspace       used 103692K, committed 105472K, reserved 1179648K
  class space    used 10592K, committed 11392K, reserved 1048576K
}
Event: 7298.995 GC heap after
{Heap after GC invocations=3509 (full 7):
 PSYoungGen      total 4096K, used 1458K [0x00000000d5580000, 0x00000000d5c00000, 0x0000000100000000)
  eden space 2560K, 0% used [0x00000000d5580000,0x00000000d5580000,0x00000000d5800000)
  from space 1536K, 94% used [0x00000000d5a80000,0x00000000d5bec980,0x00000000d5c00000)
  to   space 2048K, 0% used [0x00000000d5800000,0x00000000d5800000,0x00000000d5a00000)
 ParOldGen       total 314368K, used 314052K [0x0000000080000000, 0x0000000093300000, 0x00000000d5580000)
  object space 314368K, 99% used [0x0000000080000000,0x00000000932b13a8,0x0000000093300000)
 Metaspace       used 103692K, committed 105472K, reserved 1179648K
  class space    used 10592K, committed 11392K, reserved 1048576K
}
Event: 7299.045 GC heap before
{Heap before GC invocations=3510 (full 7):
 PSYoungGen      total 4096K, used 4018K [0x00000000d5580000, 0x00000000d5c00000, 0x0000000100000000)
  eden space 2560K, 100% used [0x00000000d5580000,0x00000000d5800000,0x00000000d5800000)
  from space 1536K, 94% used [0x00000000d5a80000,0x00000000d5bec980,0x00000000d5c00000)
  to   space 2048K, 0% used [0x00000000d5800000,0x00000000d5800000,0x00000000d5a00000)
 ParOldGen       total 314368K, used 314052K [0x0000000080000000, 0x0000000093300000, 0x00000000d5580000)
  object space 314368K, 99% used [0x0000000080000000,0x00000000932b13a8,0x0000000093300000)
 Metaspace       used 103692K, committed 105472K, reserved 1179648K
  class space    used 10592K, committed 11392K, reserved 1048576K
}
Event: 7299.048 GC heap after
{Heap after GC invocations=3510 (full 7):
 PSYoungGen      total 4608K, used 2031K [0x00000000d5580000, 0x00000000d6080000, 0x0000000100000000)
  eden space 2560K, 0% used [0x00000000d5580000,0x00000000d5580000,0x00000000d5800000)
  from space 2048K, 99% used [0x00000000d5800000,0x00000000d59fbd50,0x00000000d5a00000)
  to   space 4096K, 0% used [0x00000000d5c80000,0x00000000d5c80000,0x00000000d6080000)
 ParOldGen       total 315392K, used 315297K [0x0000000080000000, 0x0000000093400000, 0x00000000d5580000)
  object space 315392K, 99% used [0x0000000080000000,0x00000000933e87b0,0x0000000093400000)
 Metaspace       used 103692K, committed 105472K, reserved 1179648K
  class space    used 10592K, committed 11392K, reserved 1048576K
}
Event: 7299.064 GC heap before
{Heap before GC invocations=3511 (full 7):
 PSYoungGen      total 4608K, used 4591K [0x00000000d5580000, 0x00000000d6080000, 0x0000000100000000)
  eden space 2560K, 100% used [0x00000000d5580000,0x00000000d5800000,0x00000000d5800000)
  from space 2048K, 99% used [0x00000000d5800000,0x00000000d59fbd50,0x00000000d5a00000)
  to   space 4096K, 0% used [0x00000000d5c80000,0x00000000d5c80000,0x00000000d6080000)
 ParOldGen       total 315392K, used 315297K [0x0000000080000000, 0x0000000093400000, 0x00000000d5580000)
  object space 315392K, 99% used [0x0000000080000000,0x00000000933e87b0,0x0000000093400000)
 Metaspace       used 103692K, committed 105472K, reserved 1179648K
  class space    used 10592K, committed 11392K, reserved 1048576K
}
Event: 7300.071 GC heap after
{Heap after GC invocations=3511 (full 7):
 PSYoungGen      total 5632K, used 2166K [0x00000000d5580000, 0x00000000d5f00000, 0x0000000100000000)
  eden space 3072K, 0% used [0x00000000d5580000,0x00000000d5580000,0x00000000d5880000)
  from space 2560K, 84% used [0x00000000d5c80000,0x00000000d5e9d908,0x00000000d5f00000)
  to   space 3072K, 0% used [0x00000000d5900000,0x00000000d5900000,0x00000000d5c00000)
 ParOldGen       total 317440K, used 317352K [0x0000000080000000, 0x0000000093600000, 0x00000000d5580000)
  object space 317440K, 99% used [0x0000000080000000,0x00000000935ea3f8,0x0000000093600000)
 Metaspace       used 103692K, committed 105472K, reserved 1179648K
  class space    used 10592K, committed 11392K, reserved 1048576K
}

