# JRE version: Java(TM) SE Runtime Environment (25.0.2+10) (build 25.0.2+10-LTS-69)
# Java VM: Java HotSpot(TM) 64-Bit Server VM (25.0.2+10-LTS-69, mixed mode, sharing, tiered, compressed oops, compressed class ptrs, g1 gc, windows-amd64)
GC Precious Log:
 CardTable entry size: 512
 Card Set container configuration: InlinePtr #cards 4 size 8 Array Of Cards #cards 16 size 48 Howl #buckets 8 coarsen threshold 3686 Howl Bitmap #cards 512 size 80 coarsen threshold 460 Card regions per heap region 1 cards per card region 4096
 CPUs: 28 total, 28 available
 Memory: 16091M
 Large Page Support: Disabled
 NUMA Support: Disabled
 Compressed Oops: Enabled (Zero based)
 Heap Region Size: 2M
 Heap Min Capacity: 8M
 Heap Initial Capacity: 252M
 Heap Max Capacity: 4024M
 Pre-touch: Disabled
 Parallel Workers: 20
 Concurrent Workers: 5
 Concurrent Refinement Workers: 20
 Periodic GC: Disabled
Heap:
 garbage-first heap   total reserved 4120576K, committed 75776K, used 58273K [0x0000000704800000, 0x0000000800000000)
  region size 2048K, 19 young (38912K), 3 survivors (6144K)
GC Heap Usage History (16 events):
Event: 0.765 {heap Before GC invocations=0 (full 0):
 garbage-first heap   total reserved 4120576K, committed 260096K, used 48277K [0x0000000704800000, 0x0000000800000000)
  region size 2048K, 24 young (49152K), 0 survivors (0K)
}
Event: 0.768 {heap After GC invocations=1 (full 0):
 garbage-first heap   total reserved 4120576K, committed 260096K, used 9819K [0x0000000704800000, 0x0000000800000000)
  region size 2048K, 3 young (6144K), 3 survivors (6144K)
}
Event: 1.397 {heap Before GC invocations=1 (full 0):
 garbage-first heap   total reserved 4120576K, committed 260096K, used 58971K [0x0000000704800000, 0x0000000800000000)
  region size 2048K, 28 young (57344K), 3 survivors (6144K)
}
Event: 1.403 {heap After GC invocations=2 (full 0):
 garbage-first heap   total reserved 4120576K, committed 260096K, used 14333K [0x0000000704800000, 0x0000000800000000)
  region size 2048K, 6 young (12288K), 6 survivors (12288K)
}
Event: 5.980 {heap Before GC invocations=3 (full 0):
 garbage-first heap   total reserved 4120576K, committed 61440K, used 57341K [0x0000000704800000, 0x0000000800000000)
  region size 2048K, 27 young (55296K), 6 survivors (12288K)
}
Event: 5.988 {heap After GC invocations=4 (full 0):
 garbage-first heap   total reserved 4120576K, committed 75776K, used 17773K [0x0000000704800000, 0x0000000800000000)
  region size 2048K, 4 young (8192K), 4 survivors (8192K)
}
Event: 6.381 {heap Before GC invocations=4 (full 0):
 garbage-first heap   total reserved 4120576K, committed 75776K, used 40301K [0x0000000704800000, 0x0000000800000000)
  region size 2048K, 17 young (34816K), 4 survivors (8192K)
}
Event: 6.387 {heap After GC invocations=5 (full 0):
 garbage-first heap   total reserved 4120576K, committed 75776K, used 20893K [0x0000000704800000, 0x0000000800000000)
  region size 2048K, 2 young (4096K), 2 survivors (4096K)
}
Event: 6.410 {heap Before GC invocations=5 (full 0):
 garbage-first heap   total reserved 4120576K, committed 75776K, used 20893K [0x0000000704800000, 0x0000000800000000)
  region size 2048K, 3 young (6144K), 2 survivors (4096K)
}
Event: 6.411 {heap After GC invocations=6 (full 0):
 garbage-first heap   total reserved 4120576K, committed 75776K, used 20615K [0x0000000704800000, 0x0000000800000000)
  region size 2048K, 2 young (4096K), 2 survivors (4096K)
}
Event: 6.955 {heap Before GC invocations=7 (full 0):
 garbage-first heap   total reserved 4120576K, committed 75776K, used 57479K [0x0000000704800000, 0x0000000800000000)
  region size 2048K, 19 young (38912K), 2 survivors (4096K)
}
Event: 6.958 {heap After GC invocations=8 (full 0):
 garbage-first heap   total reserved 4120576K, committed 75776K, used 24333K [0x0000000704800000, 0x0000000800000000)
  region size 2048K, 3 young (6144K), 3 survivors (6144K)
}
Event: 7.421 {heap Before GC invocations=8 (full 0):
 garbage-first heap   total reserved 4120576K, committed 75776K, used 57101K [0x0000000704800000, 0x0000000800000000)
  region size 2048K, 19 young (38912K), 3 survivors (6144K)
}
Event: 7.425 {heap After GC invocations=9 (full 0):
 garbage-first heap   total reserved 4120576K, committed 75776K, used 26549K [0x0000000704800000, 0x0000000800000000)
  region size 2048K, 3 young (6144K), 3 survivors (6144K)
}
Event: 7.828 {heap Before GC invocations=9 (full 0):
 garbage-first heap   total reserved 4120576K, committed 75776K, used 59317K [0x0000000704800000, 0x0000000800000000)
  region size 2048K, 20 young (40960K), 3 survivors (6144K)
}
Event: 7.831 {heap After GC invocations=10 (full 0):
 garbage-first heap   total reserved 4120576K, committed 75776K, used 29601K [0x0000000704800000, 0x0000000800000000)
  region size 2048K, 3 young (6144K), 3 survivors (6144K)
}

